Case #1: 137407053 771403053
Case #2: 999999999 999999999
Case #3: 304349675 904345673
Case #4: 12753239 92753213
Case #5: 117557192 917557112
Case #6: 169848756 968841756
Case #7: 9099999 9999990
Case #8: 15924058 98124055
Case #9: 135466572 715466532
Case #10: 272956348 972456328
Case #11: 10 10
Case #12: 370695574 970645573
Case #13: 173452117 775432111
Case #14: 118179107 918177101
Case #15: 306755908 986755300
Case #16: 306667869 976660863
Case #17: 119644154 915644114
Case #18: 163307878 863307817
Case #19: 0 0
Case #20: 244558747 844554727
